2023-05-28 09:41:38.005  INFO 12764 --- [main] tn.spring.springboot.Application         : Starting Application using Java 1.8.0_144 on PC-MAiKo with PID 12764 (C:\Users\Mohamed Aziz Karoui\IdeaProjects\spring-boot\target\classes started by Mohamed Aziz Karoui in C:\Users\Mohamed Aziz Karoui\IdeaProjects\spring-boot)
2023-05-28 09:41:38.009  INFO 12764 --- [main] tn.spring.springboot.Application         : No active profile set, falling back to 1 default profile: "default"
2023-05-28 09:41:38.911  INFO 12764 --- [main] .s.d.r.c.RepositoryConfigurationDelegate : Bootstrapping Spring Data JPA repositories in DEFAULT mode.
2023-05-28 09:41:38.933  INFO 12764 --- [main] .s.d.r.c.RepositoryConfigurationDelegate : Finished Spring Data repository scanning in 8 ms. Found 0 JPA repository interfaces.
2023-05-28 09:41:39.625  INFO 12764 --- [main] o.s.b.w.embedded.tomcat.TomcatWebServer  : Tomcat initialized with port(s): 8080 (http)
2023-05-28 09:41:39.636  INFO 12764 --- [main] o.apache.catalina.core.StandardService   : Starting service [Tomcat]
2023-05-28 09:41:39.636  INFO 12764 --- [main] org.apache.catalina.core.StandardEngine  : Starting Servlet engine: [Apache Tomcat/9.0.75]
2023-05-28 09:41:39.868  INFO 12764 --- [main] o.a.c.c.C.[Tomcat].[localhost].[/]       : Initializing Spring embedded WebApplicationContext
2023-05-28 09:41:39.869  INFO 12764 --- [main] w.s.c.ServletWebServerApplicationContext : Root WebApplicationContext: initialization completed in 1803 ms
2023-05-28 09:41:40.097  INFO 12764 --- [main] o.hibernate.jpa.internal.util.LogHelper  : HHH000204: Processing PersistenceUnitInfo [name: default]
2023-05-28 09:41:40.186  INFO 12764 --- [main] org.hibernate.Version                    : HHH000412: Hibernate ORM core version 5.6.15.Final
2023-05-28 09:41:40.404  INFO 12764 --- [main] o.hibernate.annotations.common.Version   : HCANN000001: Hibernate Commons Annotations {5.1.2.Final}
2023-05-28 09:41:40.551  INFO 12764 --- [main] com.zaxxer.hikari.HikariDataSource       : HikariPool-1 - Starting...
2023-05-28 09:41:41.162  INFO 12764 --- [main] com.zaxxer.hikari.HikariDataSource       : HikariPool-1 - Start completed.
2023-05-28 09:41:41.181  INFO 12764 --- [main] org.hibernate.dialect.Dialect            : HHH000400: Using dialect: org.hibernate.dialect.MySQL5Dialect
2023-05-28 09:41:42.210  INFO 12764 --- [main] o.h.e.t.j.p.i.JtaPlatformInitiator       : HHH000490: Using JtaPlatform implementation: [org.hibernate.engine.transaction.jta.platform.internal.NoJtaPlatform]
2023-05-28 09:41:42.246  INFO 12764 --- [main] j.LocalContainerEntityManagerFactoryBean : Initialized JPA EntityManagerFactory for persistence unit 'default'
2023-05-28 09:41:42.302  WARN 12764 --- [main] JpaBaseConfiguration$JpaWebConfiguration : spring.jpa.open-in-view is enabled by default. Therefore, database queries may be performed during view rendering. Explicitly configure spring.jpa.open-in-view to disable this warning
2023-05-28 09:41:42.746  INFO 12764 --- [main] o.s.b.w.embedded.tomcat.TomcatWebServer  : Tomcat started on port(s): 8080 (http) with context path ''
2023-05-28 09:41:42.762  INFO 12764 --- [main] tn.spring.springboot.Application         : Started Application in 5.526 seconds (JVM running for 7.226)
2023-05-28 09:42:11.063  INFO 12764 --- [SpringApplicationShutdownHook] j.LocalContainerEntityManagerFactoryBean : Closing JPA EntityManagerFactory for persistence unit 'default'
2023-05-28 09:42:11.066  INFO 12764 --- [SpringApplicationShutdownHook] com.zaxxer.hikari.HikariDataSource       : HikariPool-1 - Shutdown initiated...
2023-05-28 09:42:11.077  INFO 12764 --- [SpringApplicationShutdownHook] com.zaxxer.hikari.HikariDataSource       : HikariPool-1 - Shutdown completed.
